2024.09.04 16:01:03 INFO  Started: Metals version 1.3.5 in folders '/workspaces/languages-wmacevoy/functional' for client Visual Studio Code 1.92.2.
SLF4J(W): Class path contains multiple SLF4J providers.
SLF4J(W): Found provider [scribe.slf4j.ScribeServiceProvider@47e17003]
SLF4J(W): Found provider [ch.qos.logback.classic.spi.LogbackServiceProvider@52b54cb0]
SLF4J(W): See https://www.slf4j.org/codes.html#multiple_bindings for an explanation.
SLF4J(I): Actual provider is of type [scribe.slf4j.ScribeServiceProvider@47e17003]
2024.09.04 16:01:03 WARN  Flyway upgrade recommended: H2 2.3.230 is newer than this version of Flyway and support has not been tested. The latest supported version of H2 is 2.2.220.
2024.09.04 16:01:04 INFO  no build target found for /workspaces/languages-wmacevoy/functional/hello-world-scala/build.sbt. Using presentation compiler with project's scala-library version: 3.3.3
2024.09.04 16:01:07 INFO  no build target found for /workspaces/languages-wmacevoy/functional/hello-world-scala/build.sbt. Using presentation compiler with project's scala-library version: 3.3.3
2024.09.04 16:01:21 INFO  no build target found for /workspaces/languages-wmacevoy/functional/hello-world-scala/src/main/scala/HelloWorldServer.scala. Using presentation compiler with project's scala-library version: 3.3.3
2024.09.04 16:01:21 INFO  no build target found for /workspaces/languages-wmacevoy/functional/hello-world-scala/src/main/scala/HelloWorldServer.scala. Using presentation compiler with project's scala-library version: 3.3.3
2024.09.04 16:01:21 INFO  no build target found for /workspaces/languages-wmacevoy/functional/hello-world-scala/src/main/scala/HelloWorldServer.scala. Using presentation compiler with project's scala-library version: 3.3.3
2024.09.04 16:01:21 INFO  no build target found for /workspaces/languages-wmacevoy/functional/hello-world-scala/src/main/scala/HelloWorldServer.scala. Using presentation compiler with project's scala-library version: 3.3.3
2024.09.04 16:01:22 INFO  no build target found for /workspaces/languages-wmacevoy/functional/hello-world-scala/src/main/scala/HelloWorldServer.scala. Using presentation compiler with project's scala-library version: 3.3.3
2024.09.04 16:01:22 WARN  no build target for: /workspaces/languages-wmacevoy/functional/hello-world-scala/src/main/scala/HelloWorldServer.scala
2024.09.04 16:01:24 INFO  no build target found for /workspaces/languages-wmacevoy/functional/hello-world-scala/src/main/scala/HelloWorldServer.scala. Using presentation compiler with project's scala-library version: 3.3.3
2024.09.04 16:01:53 INFO  no build target found for /workspaces/languages-wmacevoy/functional/hello-world-scala/src/main/scala/HelloWorldServer.scala. Using presentation compiler with project's scala-library version: 3.3.3
2024.09.04 16:01:53 INFO  no build target found for /workspaces/languages-wmacevoy/functional/hello-world-scala/src/main/scala/HelloWorldServer.scala. Using presentation compiler with project's scala-library version: 3.3.3
Sep 04, 2024 4:02:35 PM org.eclipse.lsp4j.jsonrpc.services.GenericEndpoint notify
INFO: Unsupported notification method: $/setTrace
2024.09.04 16:02:48 INFO  no build target found for /workspaces/languages-wmacevoy/functional/hello-world-scala/src/main/scala/HelloWorldServer.scala. Using presentation compiler with project's scala-library version: 3.3.3
2024.09.04 16:02:48 INFO  no build target found for /workspaces/languages-wmacevoy/functional/hello-world-scala/src/main/scala/HelloWorldServer.scala. Using presentation compiler with project's scala-library version: 3.3.3
2024.09.04 16:02:49 INFO  no build target found for /workspaces/languages-wmacevoy/functional/hello-world-scala/src/main/scala/HelloWorldServer.scala. Using presentation compiler with project's scala-library version: 3.3.3
2024.09.04 16:02:49 INFO  no build target found for /workspaces/languages-wmacevoy/functional/hello-world-scala/src/main/scala/HelloWorldServer.scala. Using presentation compiler with project's scala-library version: 3.3.3
2024.09.04 16:02:49 INFO  no build target found for /workspaces/languages-wmacevoy/functional/hello-world-scala/src/main/scala/HelloWorldServer.scala. Using presentation compiler with project's scala-library version: 3.3.3
2024.09.04 16:03:10 INFO  no build target found for /workspaces/languages-wmacevoy/functional/hello-world-scala/src/main/scala/HelloWorldServer.scala. Using presentation compiler with project's scala-library version: 3.3.3
2024.09.04 16:03:10 INFO  no build target found for /workspaces/languages-wmacevoy/functional/hello-world-scala/src/main/scala/HelloWorldServer.scala. Using presentation compiler with project's scala-library version: 3.3.3
2024.09.04 16:03:10 INFO  no build target found for /workspaces/languages-wmacevoy/functional/hello-world-scala/src/main/scala/HelloWorldServer.scala. Using presentation compiler with project's scala-library version: 3.3.3
Sep 04, 2024 4:03:28 PM org.eclipse.lsp4j.jsonrpc.RemoteEndpoint handleCancellation
WARNING: Unmatched cancel notification for request id 48
Sep 04, 2024 4:03:28 PM org.eclipse.lsp4j.jsonrpc.RemoteEndpoint handleCancellation
WARNING: Unmatched cancel notification for request id 49
Sep 04, 2024 4:03:28 PM org.eclipse.lsp4j.jsonrpc.RemoteEndpoint handleCancellation
WARNING: Unmatched cancel notification for request id 50
Sep 04, 2024 4:03:37 PM org.eclipse.lsp4j.jsonrpc.RemoteEndpoint handleCancellation
WARNING: Unmatched cancel notification for request id 75
2024.09.04 16:03:57 INFO  no build target found for /workspaces/languages-wmacevoy/functional/hello-world-scala/src/main/scala/HelloWorldServer.scala. Using presentation compiler with project's scala-library version: 3.3.3
2024.09.04 16:04:03 WARN  no build target for: /workspaces/languages-wmacevoy/functional/hello-world-scala/src/main/scala/HelloWorldServer.scala
Sep 04, 2024 4:04:27 PM org.eclipse.lsp4j.jsonrpc.RemoteEndpoint handleCancellation
WARNING: Unmatched cancel notification for request id 87
2024.09.04 16:06:06 INFO  no build target found for /workspaces/languages-wmacevoy/functional/hello-world-scala/src/main/scala/HelloWorldServer.scala. Using presentation compiler with project's scala-library version: 3.3.3
2024.09.04 16:08:32 INFO  no build target found for /workspaces/languages-wmacevoy/functional/hello-world-scala/build.sbt. Using presentation compiler with project's scala-library version: 3.3.3
2024.09.04 16:08:42 WARN  no build target for: /workspaces/languages-wmacevoy/functional/hello-world-scala/build.sbt
2024.09.04 16:08:42 INFO  no build target found for /workspaces/languages-wmacevoy/functional/hello-world-scala/build.sbt. Using presentation compiler with project's scala-library version: 3.3.3
2024.09.04 16:10:18 INFO  no build target found for /workspaces/languages-wmacevoy/functional/hello-world-scala/build.sbt. Using presentation compiler with project's scala-library version: 3.3.3
2024.09.04 16:10:21 WARN  no build target for: /workspaces/languages-wmacevoy/functional/hello-world-scala/build.sbt
2024.09.04 16:10:21 INFO  no build target found for /workspaces/languages-wmacevoy/functional/hello-world-scala/build.sbt. Using presentation compiler with project's scala-library version: 3.3.3
2024.09.04 16:18:46 INFO  no build target found for /workspaces/languages-wmacevoy/functional/hello-world-scala/build.sbt. Using presentation compiler with project's scala-library version: 3.3.3
2024.09.04 16:18:46 INFO  no build target found for /workspaces/languages-wmacevoy/functional/hello-world-scala/build.sbt. Using presentation compiler with project's scala-library version: 3.3.3
2024.09.04 16:18:47 INFO  no build target found for /workspaces/languages-wmacevoy/functional/hello-world-scala/build.sbt. Using presentation compiler with project's scala-library version: 3.3.3
2024.09.04 16:18:49 INFO  no build target found for /workspaces/languages-wmacevoy/functional/hello-world-scala/build.sbt. Using presentation compiler with project's scala-library version: 3.3.3
2024.09.04 16:18:49 INFO  no build target found for /workspaces/languages-wmacevoy/functional/hello-world-scala/build.sbt. Using presentation compiler with project's scala-library version: 3.3.3
2024.09.04 16:20:11 INFO  no build target found for /workspaces/languages-wmacevoy/functional/hello-world-scala/src/main/scala/HelloWorldServer.scala. Using presentation compiler with project's scala-library version: 3.3.3
2024.09.04 16:20:11 INFO  no build target found for /workspaces/languages-wmacevoy/functional/hello-world-scala/src/main/scala/HelloWorldServer.scala. Using presentation compiler with project's scala-library version: 3.3.3
2024.09.04 16:20:12 INFO  no build target found for /workspaces/languages-wmacevoy/functional/hello-world-scala/src/main/scala/HelloWorldServer.scala. Using presentation compiler with project's scala-library version: 3.3.3
2024.09.04 16:20:12 INFO  no build target found for /workspaces/languages-wmacevoy/functional/hello-world-scala/src/main/scala/HelloWorldServer.scala. Using presentation compiler with project's scala-library version: 3.3.3
2024.09.04 16:20:16 INFO  no build target found for /workspaces/languages-wmacevoy/functional/hello-world-scala/src/main/scala/HelloWorldServer.scala. Using presentation compiler with project's scala-library version: 3.3.3
Sep 04, 2024 4:20:34 PM org.eclipse.lsp4j.jsonrpc.RemoteEndpoint handleCancellation
WARNING: Unmatched cancel notification for request id 226
2024.09.04 16:20:37 INFO  no build target found for /workspaces/languages-wmacevoy/functional/hello-world-scala/src/main/scala/HelloWorldServer.scala. Using presentation compiler with project's scala-library version: 3.3.3
2024.09.04 16:20:53 INFO  no build target found for /workspaces/languages-wmacevoy/functional/hello-world-scala/src/main/scala/HelloWorldServer.scala. Using presentation compiler with project's scala-library version: 3.3.3
2024.09.04 16:20:54 INFO  no build target found for /workspaces/languages-wmacevoy/functional/hello-world-scala/src/main/scala/HelloWorldServer.scala. Using presentation compiler with project's scala-library version: 3.3.3
2024.09.04 16:20:58 INFO  no build target found for /workspaces/languages-wmacevoy/functional/hello-world-scala/src/main/scala/HelloWorldServer.scala. Using presentation compiler with project's scala-library version: 3.3.3
2024.09.04 16:20:58 INFO  no build target found for /workspaces/languages-wmacevoy/functional/hello-world-scala/src/main/scala/HelloWorldServer.scala. Using presentation compiler with project's scala-library version: 3.3.3
2024.09.04 16:20:59 INFO  no build target found for /workspaces/languages-wmacevoy/functional/hello-world-scala/src/main/scala/HelloWorldServer.scala. Using presentation compiler with project's scala-library version: 3.3.3
2024.09.04 16:21:00 INFO  no build target found for /workspaces/languages-wmacevoy/functional/hello-world-scala/src/main/scala/HelloWorldServer.scala. Using presentation compiler with project's scala-library version: 3.3.3
2024.09.04 16:21:00 INFO  no build target found for /workspaces/languages-wmacevoy/functional/hello-world-scala/src/main/scala/HelloWorldServer.scala. Using presentation compiler with project's scala-library version: 3.3.3
2024.09.04 16:21:00 INFO  no build target found for /workspaces/languages-wmacevoy/functional/hello-world-scala/src/main/scala/HelloWorldServer.scala. Using presentation compiler with project's scala-library version: 3.3.3
2024.09.04 16:21:02 INFO  no build target found for /workspaces/languages-wmacevoy/functional/hello-world-scala/src/main/scala/HelloWorldServer.scala. Using presentation compiler with project's scala-library version: 3.3.3
2024.09.04 16:21:02 INFO  no build target found for /workspaces/languages-wmacevoy/functional/hello-world-scala/src/main/scala/HelloWorldServer.scala. Using presentation compiler with project's scala-library version: 3.3.3
2024.09.04 16:21:02 INFO  no build target found for /workspaces/languages-wmacevoy/functional/hello-world-scala/src/main/scala/HelloWorldServer.scala. Using presentation compiler with project's scala-library version: 3.3.3
2024.09.04 16:21:03 INFO  no build target found for /workspaces/languages-wmacevoy/functional/hello-world-scala/src/main/scala/HelloWorldServer.scala. Using presentation compiler with project's scala-library version: 3.3.3
2024.09.04 16:21:05 INFO  no build target found for /workspaces/languages-wmacevoy/functional/hello-world-scala/src/main/scala/HelloWorldServer.scala. Using presentation compiler with project's scala-library version: 3.3.3
2024.09.04 16:21:28 INFO  no build target found for /workspaces/languages-wmacevoy/functional/hello-world-scala/src/main/scala/HelloWorldServer.scala. Using presentation compiler with project's scala-library version: 3.3.3
2024.09.04 16:22:52 INFO  no build target found for /workspaces/languages-wmacevoy/functional/hello-world-scala/src/main/scala/HelloWorldServer.scala. Using presentation compiler with project's scala-library version: 3.3.3
2024.09.04 16:29:38 INFO  no build target found for /workspaces/languages-wmacevoy/functional/hello-world-scala/src/main/scala/HelloWorldServer.scala. Using presentation compiler with project's scala-library version: 3.3.3
2024.09.04 16:45:19 INFO  no build target found for /workspaces/languages-wmacevoy/functional/hello-world-scala/src/main/scala/HelloWorldServer.scala. Using presentation compiler with project's scala-library version: 3.3.3
2024.09.04 16:45:20 INFO  no build target found for /workspaces/languages-wmacevoy/functional/hello-world-scala/src/main/scala/HelloWorldServer.scala. Using presentation compiler with project's scala-library version: 3.3.3
2024.09.04 16:45:20 INFO  no build target found for /workspaces/languages-wmacevoy/functional/hello-world-scala/src/main/scala/HelloWorldServer.scala. Using presentation compiler with project's scala-library version: 3.3.3
2024.09.04 16:45:24 INFO  no build target found for /workspaces/languages-wmacevoy/functional/hello-world-scala/src/main/scala/HelloWorldServer.scala. Using presentation compiler with project's scala-library version: 3.3.3
2024.09.04 16:45:51 INFO  no build target found for /workspaces/languages-wmacevoy/functional/hello-world-scala/src/main/scala/HelloWorldServer.scala. Using presentation compiler with project's scala-library version: 3.3.3
2024.09.04 16:45:52 INFO  no build target found for /workspaces/languages-wmacevoy/functional/hello-world-scala/src/main/scala/HelloWorldServer.scala. Using presentation compiler with project's scala-library version: 3.3.3
2024.09.04 16:56:00 INFO  Shutting down server
2024.09.04 16:56:00 INFO  shutting down Metals
2024.09.04 16:56:00 INFO  Exiting server
2024.09.06 13:40:07 INFO  Started: Metals version 1.3.5 in folders '/workspaces/languages-wmacevoy/functional' for client Visual Studio Code 1.92.2.
SLF4J(W): Class path contains multiple SLF4J providers.
SLF4J(W): Found provider [scribe.slf4j.ScribeServiceProvider@539d6269]
SLF4J(W): Found provider [ch.qos.logback.classic.spi.LogbackServiceProvider@1e2f6f68]
SLF4J(W): See https://www.slf4j.org/codes.html#multiple_bindings for an explanation.
SLF4J(I): Actual provider is of type [scribe.slf4j.ScribeServiceProvider@539d6269]
2024.09.06 13:40:07 WARN  Flyway upgrade recommended: H2 2.3.230 is newer than this version of Flyway and support has not been tested. The latest supported version of H2 is 2.2.220.
2024.09.06 13:40:15 INFO  running '/usr/local/sdkman/candidates/sbt/current/bin/sbt -Dbloop.export-jar-classifiers=sources bloopInstall'
2024.09.06 13:40:18 INFO  [info] welcome to sbt 1.10.1 (Microsoft Java 21.0.2)
2024.09.06 13:40:22 INFO  [info] loading settings for project hello-world-scala-build-build from metals.sbt ...
2024.09.06 13:40:23 INFO  [info] loading project definition from /workspaces/languages-wmacevoy/functional/hello-world-scala/project/project
2024.09.06 13:40:27 INFO  [info] loading settings for project hello-world-scala-build from metals.sbt ...
2024.09.06 13:40:27 INFO  [info] loading project definition from /workspaces/languages-wmacevoy/functional/hello-world-scala/project
2024.09.06 13:40:31 INFO  [success] Generated .bloop/hello-world-scala-build.json
2024.09.06 13:40:31 INFO  [success] Total time: 4 s, completed Sep 6, 2024, 1:40:32 PM
2024.09.06 13:40:33 INFO  [info] loading settings for project root from build.sbt ...
2024.09.06 13:40:33 INFO  [info] set current project to HelloWorldScalaApp (in build file:/workspaces/languages-wmacevoy/functional/hello-world-scala/)
2024.09.06 13:40:35 INFO  [success] Generated .bloop/root-test.json
2024.09.06 13:40:35 INFO  [success] Generated .bloop/root.json
2024.09.06 13:40:35 INFO  [success] Total time: 1 s, completed Sep 6, 2024, 1:40:35 PM
2024.09.06 13:40:35 INFO  time: ran 'sbt bloopInstall' in 20s
2024.09.06 13:40:35 INFO  Attempting to connect to the build server...
2024.09.06 13:40:35 INFO  Setting up current java home /usr/lib/jvm/msopenjdk-current in /home/vscode/.bloop/bloop.json
2024.09.06 13:40:42 INFO  tracing is disabled for protocol BSP, to enable tracing of incoming and outgoing JSON messages create an empty file at /workspaces/languages-wmacevoy/functional/.metals/bsp.trace.json or /home/vscode/.cache/metals/bsp.trace.json
2024.09.06 13:40:47 INFO  time: Connected to build server in 11s
2024.09.06 13:40:47 INFO  Connected to Build server: Bloop v1.6.0
2024.09.06 13:40:47 INFO  time: Imported build in 0.18s
2024.09.06 13:40:47 INFO  running doctor check
2024.09.06 13:40:47 INFO  java targets: root, root-test
2024.09.06 13:40:50 WARN  Flyway upgrade recommended: H2 2.3.230 is newer than this version of Flyway and support has not been tested. The latest supported version of H2 is 2.2.220.
2024.09.06 13:41:15 INFO  time: indexed workspace in 27s
2024.09.06 13:41:29 INFO  compiling root (1 scala source)
2024.09.06 13:41:34 INFO  time: compiled root in 4.6s
Sep 06, 2024 1:50:35 PM org.eclipse.lsp4j.jsonrpc.services.GenericEndpoint notify
INFO: Unsupported notification method: $/setTrace
2024.09.06 14:02:02 INFO  Shutting down server
2024.09.06 14:02:02 INFO  shutting down Metals
2024.09.06 14:02:02 INFO  Shut down connection with build server.
2024.09.06 14:02:02 INFO  Exiting server
2024.09.06 14:07:02 INFO  Started: Metals version 1.3.5 in folders '/workspaces/languages-wmacevoy/functional' for client Visual Studio Code 1.92.2.
SLF4J(W): Class path contains multiple SLF4J providers.
SLF4J(W): Found provider [scribe.slf4j.ScribeServiceProvider@2586f8fa]
SLF4J(W): Found provider [ch.qos.logback.classic.spi.LogbackServiceProvider@5baae00a]
SLF4J(W): See https://www.slf4j.org/codes.html#multiple_bindings for an explanation.
SLF4J(I): Actual provider is of type [scribe.slf4j.ScribeServiceProvider@2586f8fa]
2024.09.06 14:07:03 WARN  Flyway upgrade recommended: H2 2.3.230 is newer than this version of Flyway and support has not been tested. The latest supported version of H2 is 2.2.220.
2024.09.06 14:07:03 INFO  Attempting to connect to the build server...
2024.09.06 14:07:08 INFO  tracing is disabled for protocol BSP, to enable tracing of incoming and outgoing JSON messages create an empty file at /workspaces/languages-wmacevoy/functional/.metals/bsp.trace.json or /home/vscode/.cache/metals/bsp.trace.json
2024.09.06 14:07:08 INFO  time: Connected to build server in 5.71s
2024.09.06 14:07:08 INFO  Connected to Build server: Bloop v1.6.0
2024.09.06 14:07:09 INFO  time: Imported build in 0.21s
2024.09.06 14:07:09 INFO  running doctor check
2024.09.06 14:07:09 INFO  java targets: root, root-test
2024.09.06 14:07:12 WARN  Flyway upgrade recommended: H2 2.3.230 is newer than this version of Flyway and support has not been tested. The latest supported version of H2 is 2.2.220.
2024.09.06 14:07:12 INFO  time: indexed workspace in 3.39s
2024.09.06 14:07:13 INFO  compiling root (1 scala source)
2024.09.06 14:07:18 INFO  time: compiled root in 5.02s
Sep 06, 2024 2:15:17 PM org.eclipse.lsp4j.jsonrpc.services.GenericEndpoint notify
INFO: Unsupported notification method: $/setTrace
2024.09.09 14:09:56 INFO  Started: Metals version 1.3.5 in folders '/workspaces/languages-wmacevoy/functional' for client Visual Studio Code 1.92.2.
SLF4J(W): Class path contains multiple SLF4J providers.
SLF4J(W): Found provider [scribe.slf4j.ScribeServiceProvider@1fe99737]
SLF4J(W): Found provider [ch.qos.logback.classic.spi.LogbackServiceProvider@667ecacd]
SLF4J(W): See https://www.slf4j.org/codes.html#multiple_bindings for an explanation.
SLF4J(I): Actual provider is of type [scribe.slf4j.ScribeServiceProvider@1fe99737]
2024.09.09 14:10:00 WARN  Flyway upgrade recommended: H2 2.3.230 is newer than this version of Flyway and support has not been tested. The latest supported version of H2 is 2.2.220.
2024.09.09 14:10:00 INFO  Attempting to connect to the build server...
2024.09.09 14:10:00 INFO  Setting up current java home /usr/lib/jvm/msopenjdk-current in /home/vscode/.bloop/bloop.json
Sep 09, 2024 2:10:01 PM org.eclipse.lsp4j.jsonrpc.RemoteEndpoint handleCancellation
WARNING: Unmatched cancel notification for request id 6
2024.09.09 14:10:02 INFO  no build target found for /workspaces/languages-wmacevoy/functional/hello-world-scala/src/main/scala/HelloWorldServer.scala. Using presentation compiler with project's scala-library version: 3.3.3
2024.09.09 14:10:21 INFO  tracing is disabled for protocol BSP, to enable tracing of incoming and outgoing JSON messages create an empty file at /workspaces/languages-wmacevoy/functional/.metals/bsp.trace.json or /home/vscode/.cache/metals/bsp.trace.json
2024.09.09 14:10:25 INFO  time: Connected to build server in 25s
2024.09.09 14:10:25 INFO  Connected to Build server: Bloop v1.6.0
2024.09.09 14:10:26 INFO  time: Imported build in 0.17s
2024.09.09 14:10:26 INFO  running doctor check
2024.09.09 14:10:26 INFO  java targets: root, root-test
2024.09.09 14:10:30 WARN  Flyway upgrade recommended: H2 2.3.230 is newer than this version of Flyway and support has not been tested. The latest supported version of H2 is 2.2.220.
2024.09.09 14:10:41 WARN  unexpected dependency: /home/vscode/.cache/coursier/v1/https/repo1.maven.org/maven2/org/scala-lang/scala-library/2.13.12/scala-library-2.13.12-sources.jar
2024.09.09 14:10:41 WARN  unexpected dependency: /home/vscode/.cache/coursier/v1/https/repo1.maven.org/maven2/com/typesafe/akka/akka-actor-typed_2.13/2.9.0-M2/akka-actor-typed_2.13-2.9.0-M2-sources.jar
2024.09.09 14:10:41 WARN  unexpected dependency: /home/vscode/.cache/coursier/v1/https/repo1.maven.org/maven2/com/typesafe/akka/akka-http_2.13/10.6.0-M1/akka-http_2.13-10.6.0-M1-sources.jar
2024.09.09 14:10:41 WARN  unexpected dependency: /home/vscode/.cache/coursier/v1/https/repo1.maven.org/maven2/com/typesafe/akka/akka-stream_2.13/2.9.0-M2/akka-stream_2.13-2.9.0-M2-sources.jar
2024.09.09 14:10:41 WARN  unexpected dependency: /home/vscode/.cache/coursier/v1/https/repo1.maven.org/maven2/com/typesafe/akka/akka-actor_2.13/2.9.0-M2/akka-actor_2.13-2.9.0-M2-sources.jar
2024.09.09 14:10:41 WARN  unexpected dependency: /home/vscode/.cache/coursier/v1/https/repo1.maven.org/maven2/com/typesafe/akka/akka-slf4j_2.13/2.9.0-M2/akka-slf4j_2.13-2.9.0-M2-sources.jar
2024.09.09 14:10:41 WARN  unexpected dependency: /home/vscode/.cache/coursier/v1/https/repo1.maven.org/maven2/com/typesafe/akka/akka-http-core_2.13/10.6.0-M1/akka-http-core_2.13-10.6.0-M1-sources.jar
2024.09.09 14:10:41 WARN  unexpected dependency: /home/vscode/.cache/coursier/v1/https/repo1.maven.org/maven2/com/typesafe/akka/akka-protobuf-v3_2.13/2.9.0-M2/akka-protobuf-v3_2.13-2.9.0-M2-sources.jar
2024.09.09 14:10:41 WARN  unexpected dependency: /home/vscode/.cache/coursier/v1/https/repo1.maven.org/maven2/org/reactivestreams/reactive-streams/1.0.4/reactive-streams-1.0.4-sources.jar
2024.09.09 14:10:41 WARN  unexpected dependency: /home/vscode/.cache/coursier/v1/https/repo1.maven.org/maven2/org/scala-lang/modules/scala-java8-compat_2.13/1.0.0/scala-java8-compat_2.13-1.0.0-sources.jar
2024.09.09 14:10:41 WARN  unexpected dependency: /home/vscode/.cache/coursier/v1/https/repo1.maven.org/maven2/com/typesafe/akka/akka-parsing_2.13/10.6.0-M1/akka-parsing_2.13-10.6.0-M1-sources.jar
2024.09.09 14:10:41 INFO  time: indexed workspace in 15s
2024.09.09 14:10:42 INFO  compiling root (1 scala source)
Sep 09, 2024 2:10:48 PM org.eclipse.lsp4j.jsonrpc.RemoteEndpoint handleCancellation
WARNING: Unmatched cancel notification for request id 20
2024.09.09 14:10:48 INFO  time: compiled root in 6.02s
Sep 09, 2024 2:11:38 PM org.eclipse.lsp4j.jsonrpc.RemoteEndpoint handleCancellation
WARNING: Unmatched cancel notification for request id 59
Sep 09, 2024 2:11:38 PM org.eclipse.lsp4j.jsonrpc.RemoteEndpoint handleCancellation
WARNING: Unmatched cancel notification for request id 60
Sep 09, 2024 2:11:38 PM org.eclipse.lsp4j.jsonrpc.RemoteEndpoint handleCancellation
WARNING: Unmatched cancel notification for request id 61
Sep 09, 2024 2:20:08 PM org.eclipse.lsp4j.jsonrpc.RemoteEndpoint handleCancellation
WARNING: Unmatched cancel notification for request id 143
Sep 09, 2024 2:20:08 PM org.eclipse.lsp4j.jsonrpc.RemoteEndpoint handleCancellation
WARNING: Unmatched cancel notification for request id 145
Sep 09, 2024 2:23:31 PM org.eclipse.lsp4j.jsonrpc.RemoteEndpoint handleCancellation
WARNING: Unmatched cancel notification for request id 294
Sep 09, 2024 2:23:31 PM org.eclipse.lsp4j.jsonrpc.RemoteEndpoint handleCancellation
WARNING: Unmatched cancel notification for request id 295
Sep 09, 2024 2:23:31 PM org.eclipse.lsp4j.jsonrpc.RemoteEndpoint handleCancellation
WARNING: Unmatched cancel notification for request id 298
Sep 09, 2024 2:25:17 PM org.eclipse.lsp4j.jsonrpc.RemoteEndpoint handleCancellation
WARNING: Unmatched cancel notification for request id 342
2024.09.09 14:25:43 INFO  compiling root (1 scala source)
2024.09.09 14:25:43 INFO  time: compiled root in 0.62s
Sep 09, 2024 2:30:31 PM org.eclipse.lsp4j.jsonrpc.RemoteEndpoint handleCancellation
WARNING: Unmatched cancel notification for request id 434
Sep 09, 2024 2:30:31 PM org.eclipse.lsp4j.jsonrpc.RemoteEndpoint handleCancellation
WARNING: Unmatched cancel notification for request id 435
2024.09.09 14:31:34 INFO  compiling root (1 scala source)
2024.09.09 14:31:34 INFO  time: compiled root in 0.44s
Sep 09, 2024 2:31:49 PM org.eclipse.lsp4j.jsonrpc.RemoteEndpoint handleCancellation
WARNING: Unmatched cancel notification for request id 531
2024.09.09 14:31:55 INFO  compiling root (1 scala source)
2024.09.09 14:31:57 INFO  time: compiled root in 1.4s
Exception in thread "pool-5-thread-1" java.lang.InterruptedException
	at scala.meta.internal.metals.FutureCancelToken.checkCanceled(FutureCancelToken.scala:29)
	at scala.meta.internal.pc.CompilerAccess.$anonfun$onCompilerJobQueue$1(CompilerAccess.scala:243)
	at scala.meta.internal.pc.CompilerJobQueue$Job.run(CompilerJobQueue.scala:152)
	at java.base/java.util.concurrent.ThreadPoolExecutor.runWorker(ThreadPoolExecutor.java:1144)
	at java.base/java.util.concurrent.ThreadPoolExecutor$Worker.run(ThreadPoolExecutor.java:642)
	at java.base/java.lang.Thread.run(Thread.java:1583)
Sep 09, 2024 2:32:45 PM org.eclipse.lsp4j.jsonrpc.RemoteEndpoint handleCancellation
WARNING: Unmatched cancel notification for request id 569
Sep 09, 2024 2:32:45 PM org.eclipse.lsp4j.jsonrpc.RemoteEndpoint handleCancellation
WARNING: Unmatched cancel notification for request id 570
Sep 09, 2024 2:38:33 PM org.eclipse.lsp4j.jsonrpc.RemoteEndpoint handleCancellation
WARNING: Unmatched cancel notification for request id 624
Sep 09, 2024 2:38:33 PM org.eclipse.lsp4j.jsonrpc.RemoteEndpoint handleCancellation
WARNING: Unmatched cancel notification for request id 625
Sep 09, 2024 2:38:42 PM org.eclipse.lsp4j.jsonrpc.RemoteEndpoint handleCancellation
WARNING: Unmatched cancel notification for request id 648
Sep 09, 2024 2:38:42 PM org.eclipse.lsp4j.jsonrpc.RemoteEndpoint handleCancellation
WARNING: Unmatched cancel notification for request id 649
Sep 09, 2024 2:38:42 PM org.eclipse.lsp4j.jsonrpc.RemoteEndpoint handleCancellation
WARNING: Unmatched cancel notification for request id 650
Sep 09, 2024 2:38:42 PM org.eclipse.lsp4j.jsonrpc.RemoteEndpoint handleCancellation
WARNING: Unmatched cancel notification for request id 651
Sep 09, 2024 2:38:42 PM org.eclipse.lsp4j.jsonrpc.RemoteEndpoint handleCancellation
WARNING: Unmatched cancel notification for request id 652
2024.09.09 16:11:01 INFO  Shutting down server
2024.09.09 16:11:01 INFO  shutting down Metals
2024.09.09 16:11:01 ERROR build shutdown: bloop
java.util.concurrent.ExecutionException: org.eclipse.lsp4j.jsonrpc.JsonRpcException: java.io.IOException: Broken pipe
	at java.util.concurrent.CompletableFuture.reportGet(CompletableFuture.java:396)
	at java.util.concurrent.CompletableFuture.get(CompletableFuture.java:2096)
	at scala.meta.internal.metals.BuildServerConnection.$anonfun$shutdown$1(BuildServerConnection.scala:177)
	at scala.meta.internal.metals.BuildServerConnection.$anonfun$shutdown$1$adapted(BuildServerConnection.scala:174)
	at scala.concurrent.impl.Promise$Transformation.run(Promise.scala:467)
	at java.util.concurrent.ThreadPoolExecutor.runWorker(ThreadPoolExecutor.java:1144)
	at java.util.concurrent.ThreadPoolExecutor$Worker.run(ThreadPoolExecutor.java:642)
	at java.lang.Thread.run(Thread.java:1583)
Caused by: org.eclipse.lsp4j.jsonrpc.JsonRpcException: java.io.IOException: Broken pipe
	at org.eclipse.lsp4j.jsonrpc.json.StreamMessageConsumer.consume(StreamMessageConsumer.java:72)
	at scala.meta.internal.metals.RequestMonitorImpl$$anon$1.consume(ServerLivenessMonitor.scala:41)
	at org.eclipse.lsp4j.jsonrpc.RemoteEndpoint.request(RemoteEndpoint.java:171)
	at org.eclipse.lsp4j.jsonrpc.services.EndpointProxy.invoke(EndpointProxy.java:91)
	at jdk.proxy2.$Proxy12.buildShutdown(null)
	at scala.meta.internal.metals.BuildServerConnection.$anonfun$shutdown$1(BuildServerConnection.scala:177)
	at scala.meta.internal.metals.BuildServerConnection.$anonfun$shutdown$1$adapted(BuildServerConnection.scala:174)
	at scala.concurrent.impl.Promise$Transformation.run(Promise.scala:467)
	at java.util.concurrent.ThreadPoolExecutor.runWorker(ThreadPoolExecutor.java:1144)
	at java.util.concurrent.ThreadPoolExecutor$Worker.run(ThreadPoolExecutor.java:642)
	at java.lang.Thread.run(Thread.java:1583)
Caused by: java.io.IOException: Broken pipe
	at sun.nio.ch.UnixFileDispatcherImpl.write0(Native Method)
	at sun.nio.ch.UnixFileDispatcherImpl.write(UnixFileDispatcherImpl.java:65)
	at sun.nio.ch.IOUtil.writeFromNativeBuffer(IOUtil.java:137)
	at sun.nio.ch.IOUtil.write(IOUtil.java:102)
	at sun.nio.ch.IOUtil.write(IOUtil.java:58)
	at sun.nio.ch.SinkChannelImpl.write(SinkChannelImpl.java:282)
	at sun.nio.ch.ChannelOutputStream.writeFully(ChannelOutputStream.java:68)
	at sun.nio.ch.ChannelOutputStream.write(ChannelOutputStream.java:102)
	at java.io.OutputStream.write(OutputStream.java:124)
	at sun.nio.ch.ChannelOutputStream.write(ChannelOutputStream.java:79)
	at scala.meta.internal.metals.ClosableOutputStream.write(ClosableOutputStream.scala:26)
	at java.io.FilterOutputStream.write(FilterOutputStream.java:139)
	at java.io.FilterOutputStream.write(FilterOutputStream.java:110)
	at org.eclipse.lsp4j.jsonrpc.json.StreamMessageConsumer.consume(StreamMessageConsumer.java:68)
	at scala.meta.internal.metals.RequestMonitorImpl$$anon$1.consume(ServerLivenessMonitor.scala:41)
	at org.eclipse.lsp4j.jsonrpc.RemoteEndpoint.request(RemoteEndpoint.java:171)
	at org.eclipse.lsp4j.jsonrpc.services.EndpointProxy.invoke(EndpointProxy.java:91)
	at jdk.proxy2.$Proxy12.buildShutdown(null)
	at scala.meta.internal.metals.BuildServerConnection.$anonfun$shutdown$1(BuildServerConnection.scala:177)
	at scala.meta.internal.metals.BuildServerConnection.$anonfun$shutdown$1$adapted(BuildServerConnection.scala:174)
	at scala.concurrent.impl.Promise$Transformation.run(Promise.scala:467)
	at java.util.concurrent.ThreadPoolExecutor.runWorker(ThreadPoolExecutor.java:1144)
	at java.util.concurrent.ThreadPoolExecutor$Worker.run(ThreadPoolExecutor.java:642)
	at java.lang.Thread.run(Thread.java:1583)

2024.09.09 16:11:01 INFO  Exiting server
2024.10.08 03:12:55 INFO  Started: Metals version 1.3.5 in folders '/workspaces/functional' for client Visual Studio Code 1.94.0.
SLF4J(W): Class path contains multiple SLF4J providers.
SLF4J(W): Found provider [scribe.slf4j.ScribeServiceProvider@586840f3]
SLF4J(W): Found provider [ch.qos.logback.classic.spi.LogbackServiceProvider@176d0e1b]
SLF4J(W): See https://www.slf4j.org/codes.html#multiple_bindings for an explanation.
SLF4J(I): Actual provider is of type [scribe.slf4j.ScribeServiceProvider@586840f3]
2024.10.08 03:12:55 WARN  Flyway upgrade recommended: H2 2.3.230 is newer than this version of Flyway and support has not been tested. The latest supported version of H2 is 2.2.220.
2024.10.08 03:12:56 INFO  Attempting to connect to the build server...
2024.10.08 03:12:56 INFO  Setting up current java home /usr/lib/jvm/msopenjdk-current in /home/vscode/.bloop/bloop.json
2024.10.08 03:12:56 INFO  no build target found for /workspaces/functional/hello-world-scala/build.sbt. Using presentation compiler with project's scala-library version: 3.3.3
2024.10.08 03:12:57 INFO  no build target found for /workspaces/functional/hello-world-scala/build.sbt. Using presentation compiler with project's scala-library version: 3.3.3
2024.10.08 03:13:00 INFO  no build target found for /workspaces/functional/hello-world-scala/build.sbt. Using presentation compiler with project's scala-library version: 3.3.3
2024.10.08 03:13:01 INFO  tracing is disabled for protocol BSP, to enable tracing of incoming and outgoing JSON messages create an empty file at /workspaces/functional/.metals/bsp.trace.json or /home/vscode/.cache/metals/bsp.trace.json
2024.10.08 03:13:01 WARN  Scala instance jar /home/vscode/.cache/coursier/v1/https/repo1.maven.org/maven2/org/scala-lang/scala-compiler/2.13.12/scala-compiler-2.13.12.jar doesn't exist!
2024.10.08 03:13:01 WARN  Scala instance jar /home/vscode/.cache/coursier/v1/https/repo1.maven.org/maven2/org/scala-lang/scala-compiler/2.13.12/scala-compiler-2.13.12.jar doesn't exist!
2024.10.08 03:13:01 WARN  Scala instance jar /home/vscode/.cache/coursier/v1/https/repo1.maven.org/maven2/org/scala-lang/scala-reflect/2.13.12/scala-reflect-2.13.12.jar doesn't exist!
2024.10.08 03:13:01 WARN  Scala instance jar /home/vscode/.cache/coursier/v1/https/repo1.maven.org/maven2/org/scala-lang/scala-reflect/2.13.12/scala-reflect-2.13.12.jar doesn't exist!
2024.10.08 03:13:01 WARN  Scala instance jar /home/vscode/.cache/coursier/v1/https/repo1.maven.org/maven2/org/jline/jline/3.22.0/jline-3.22.0.jar doesn't exist!
2024.10.08 03:13:01 WARN  Scala instance jar /home/vscode/.cache/coursier/v1/https/repo1.maven.org/maven2/org/jline/jline/3.22.0/jline-3.22.0.jar doesn't exist!
2024.10.08 03:13:01 WARN  Scala instance jar /home/vscode/.cache/coursier/v1/https/repo1.maven.org/maven2/net/java/dev/jna/jna/5.13.0/jna-5.13.0.jar doesn't exist!
2024.10.08 03:13:01 WARN  Scala instance jar /home/vscode/.cache/coursier/v1/https/repo1.maven.org/maven2/net/java/dev/jna/jna/5.13.0/jna-5.13.0.jar doesn't exist!
2024.10.08 03:13:01 ERROR Failed to connect with build server, no functionality will work.
java.util.concurrent.ExecutionException: org.eclipse.lsp4j.jsonrpc.MessageIssueException: Message could not be parsed.
	at java.util.concurrent.CompletableFuture.reportGet(CompletableFuture.java:396)
	at java.util.concurrent.CompletableFuture.get(CompletableFuture.java:2096)
	at scala.meta.internal.metals.BuildServerConnection$.initialize(BuildServerConnection.scala:743)
	at scala.meta.internal.metals.BuildServerConnection$.$anonfun$fromSockets$1(BuildServerConnection.scala:619)
	at scala.concurrent.impl.Promise$Transformation.run(Promise.scala:467)
	at java.util.concurrent.ThreadPoolExecutor.runWorker(ThreadPoolExecutor.java:1144)
	at java.util.concurrent.ThreadPoolExecutor$Worker.run(ThreadPoolExecutor.java:642)
	at java.lang.Thread.run(Thread.java:1583)
Caused by: org.eclipse.lsp4j.jsonrpc.MessageIssueException: Message could not be parsed.
	at org.eclipse.lsp4j.jsonrpc.RemoteEndpoint.handleResponseIssues(RemoteEndpoint.java:367)
	at org.eclipse.lsp4j.jsonrpc.RemoteEndpoint.handle(RemoteEndpoint.java:326)
	at org.eclipse.lsp4j.jsonrpc.json.StreamMessageProducer.handleMessage(StreamMessageProducer.java:189)
	at org.eclipse.lsp4j.jsonrpc.json.StreamMessageProducer.listen(StreamMessageProducer.java:97)
	at org.eclipse.lsp4j.jsonrpc.json.ConcurrentMessageProcessor.run(ConcurrentMessageProcessor.java:114)
	at java.util.concurrent.Executors$RunnableAdapter.call(Executors.java:572)
	at java.util.concurrent.FutureTask.run(FutureTask.java:317)
	at java.util.concurrent.ThreadPoolExecutor.runWorker(ThreadPoolExecutor.java:1144)
	at java.util.concurrent.ThreadPoolExecutor$Worker.run(ThreadPoolExecutor.java:642)
	at java.lang.Thread.run(Thread.java:1583)

2024.10.08 03:13:01 INFO  no build target found for /workspaces/functional/hello-world-scala/build.sbt. Using presentation compiler with project's scala-library version: 3.3.3
2024.10.08 03:14:41 INFO  no build target found for /workspaces/functional/hello-world-scala/build.sbt. Using presentation compiler with project's scala-library version: 3.3.3
2024.10.08 03:14:42 INFO  no build target found for /workspaces/functional/hello-world-scala/build.sbt. Using presentation compiler with project's scala-library version: 3.3.3
2024.10.08 03:14:45 INFO  no build target found for /workspaces/functional/hello-world-scala/src/main/scala/HelloWorldServer.scala. Using presentation compiler with project's scala-library version: 3.3.3
2024.10.08 03:14:45 INFO  no build target found for /workspaces/functional/hello-world-scala/src/main/scala/HelloWorldServer.scala. Using presentation compiler with project's scala-library version: 3.3.3
2024.10.08 03:14:45 INFO  no build target found for /workspaces/functional/hello-world-scala/src/main/scala/HelloWorldServer.scala. Using presentation compiler with project's scala-library version: 3.3.3
2024.10.08 03:14:45 INFO  no build target found for /workspaces/functional/hello-world-scala/src/main/scala/HelloWorldServer.scala. Using presentation compiler with project's scala-library version: 3.3.3
2024.10.08 03:14:49 INFO  no build target found for /workspaces/functional/hello-world-scala/src/main/scala/HelloWorldServer.scala. Using presentation compiler with project's scala-library version: 3.3.3
2024.10.08 03:14:55 INFO  no build target found for /workspaces/functional/hello-world-scala/project/metals.sbt. Using presentation compiler with project's scala-library version: 3.3.3
2024.10.08 03:14:55 INFO  no build target found for /workspaces/functional/hello-world-scala/project/metals.sbt. Using presentation compiler with project's scala-library version: 3.3.3
2024.10.08 03:14:55 WARN  Could not find semantic tokens for: file:///workspaces/functional/hello-world-scala/project/metals.sbt
Oct 08, 2024 3:15:03 AM org.eclipse.lsp4j.jsonrpc.services.GenericEndpoint notify
INFO: Unsupported notification method: $/setTrace
2024.10.08 03:15:27 INFO  no build target found for /workspaces/functional/hello-world-scala/project/metals.sbt. Using presentation compiler with project's scala-library version: 3.3.3
2024.10.08 03:15:27 WARN  Could not find semantic tokens for: file:///workspaces/functional/hello-world-scala/project/metals.sbt
2024.10.08 03:15:33 INFO  no build target found for /workspaces/functional/hello-world-scala/project/metals.sbt. Using presentation compiler with project's scala-library version: 3.3.3
2024.10.08 03:15:33 INFO  no build target found for /workspaces/functional/hello-world-scala/src/main/scala/HelloWorldServer.scala. Using presentation compiler with project's scala-library version: 3.3.3
Oct 08, 2024 3:16:52 AM org.eclipse.lsp4j.jsonrpc.RemoteEndpoint handleCancellation
WARNING: Unmatched cancel notification for request id 74
2024.10.08 03:16:52 INFO  no build target found for /workspaces/functional/hello-world-scala/src/main/scala/HelloWorldServer.scala. Using presentation compiler with project's scala-library version: 3.3.3
2024.10.08 03:16:52 INFO  no build target found for /workspaces/functional/hello-world-scala/src/main/scala/HelloWorldServer.scala. Using presentation compiler with project's scala-library version: 3.3.3
2024.10.08 03:23:13 INFO  no build target found for /workspaces/functional/hello-world-scala/src/main/scala/HelloWorldServer.scala. Using presentation compiler with project's scala-library version: 3.3.3
2024.10.08 03:23:13 INFO  no build target found for /workspaces/functional/hello-world-scala/src/main/scala/HelloWorldServer.scala. Using presentation compiler with project's scala-library version: 3.3.3
2024.10.08 03:23:13 INFO  no build target found for /workspaces/functional/hello-world-scala/src/main/scala/HelloWorldServer.scala. Using presentation compiler with project's scala-library version: 3.3.3
2024.10.08 03:23:13 INFO  no build target found for /workspaces/functional/hello-world-scala/src/main/scala/HelloWorldServer.scala. Using presentation compiler with project's scala-library version: 3.3.3
2024.10.08 03:23:13 WARN  Could not find semantic tokens for: file:///workspaces/functional/hello-world-scala/src/main/scala/HelloWorldServer.scala
2024.10.08 03:23:13 INFO  no build target found for /workspaces/functional/hello-world-scala/src/main/scala/HelloWorldServer.scala. Using presentation compiler with project's scala-library version: 3.3.3
2024.10.08 03:23:13 INFO  no build target found for /workspaces/functional/hello-world-scala/src/main/scala/HelloWorldServer.scala. Using presentation compiler with project's scala-library version: 3.3.3
2024.10.08 03:23:13 INFO  no build target found for /workspaces/functional/hello-world-scala/src/main/scala/HelloWorldServer.scala. Using presentation compiler with project's scala-library version: 3.3.3
2024.10.08 03:23:13 WARN  Could not find semantic tokens for: file:///workspaces/functional/hello-world-scala/src/main/scala/HelloWorldServer.scala
2024.10.08 03:23:14 WARN  no build target for: /workspaces/functional/hello-world-scala/src/main/scala/HelloWorldServer.scala
2024.10.08 03:23:14 INFO  no build target found for /workspaces/functional/hello-world-scala/src/main/scala/HelloWorldServer.scala. Using presentation compiler with project's scala-library version: 3.3.3
2024.10.08 03:23:14 WARN  Could not find semantic tokens for: file:///workspaces/functional/hello-world-scala/src/main/scala/HelloWorldServer.scala
2024.10.08 03:23:16 INFO  no build target found for /workspaces/functional/hello-world-scala/src/main/scala/HelloWorldServer.scala. Using presentation compiler with project's scala-library version: 3.3.3
2024.10.08 03:23:16 INFO  no build target found for /workspaces/functional/hello-world-scala/src/main/scala/HelloWorldServer.scala. Using presentation compiler with project's scala-library version: 3.3.3
2024.10.08 03:23:16 INFO  no build target found for /workspaces/functional/hello-world-scala/src/main/scala/HelloWorldServer.scala. Using presentation compiler with project's scala-library version: 3.3.3
2024.10.08 03:23:16 WARN  no build target for: /workspaces/functional/hello-world-scala/src/main/scala/HelloWorldServer.scala
2024.10.08 03:23:16 INFO  no build target found for /workspaces/functional/hello-world-scala/src/main/scala/HelloWorldServer.scala. Using presentation compiler with project's scala-library version: 3.3.3
2024.10.08 03:23:29 INFO  no build target found for /workspaces/functional/hello-world-scala/src/main/scala/HelloWorldServer.scala. Using presentation compiler with project's scala-library version: 3.3.3
2024.10.08 03:23:47 INFO  no build target found for /workspaces/functional/hello-world-scala/src/main/scala/HelloWorldServer.scala. Using presentation compiler with project's scala-library version: 3.3.3
2024.10.08 03:23:47 INFO  no build target found for /workspaces/functional/hello-world-scala/src/main/scala/HelloWorldServer.scala. Using presentation compiler with project's scala-library version: 3.3.3
2024.10.08 03:24:01 INFO  no build target found for /workspaces/functional/hello-world-scala/src/main/scala/HelloWorldServer.scala. Using presentation compiler with project's scala-library version: 3.3.3
2024.10.08 03:24:01 INFO  no build target found for /workspaces/functional/hello-world-scala/src/main/scala/HelloWorldServer.scala. Using presentation compiler with project's scala-library version: 3.3.3
2024.10.08 03:24:04 INFO  no build target found for /workspaces/functional/hello-world-scala/src/main/scala/HelloWorldServer.scala. Using presentation compiler with project's scala-library version: 3.3.3
2024.10.08 03:24:05 INFO  no build target found for /workspaces/functional/hello-world-scala/src/main/scala/HelloWorldServer.scala. Using presentation compiler with project's scala-library version: 3.3.3
2024.10.08 03:24:05 INFO  no build target found for /workspaces/functional/hello-world-scala/src/main/scala/HelloWorldServer.scala. Using presentation compiler with project's scala-library version: 3.3.3
2024.10.08 03:24:07 INFO  no build target found for /workspaces/functional/hello-world-scala/src/main/scala/HelloWorldServer.scala. Using presentation compiler with project's scala-library version: 3.3.3
2024.10.08 03:24:07 INFO  no build target found for /workspaces/functional/hello-world-scala/src/main/scala/HelloWorldServer.scala. Using presentation compiler with project's scala-library version: 3.3.3
2024.10.08 03:24:14 INFO  no build target found for /workspaces/functional/hello-world-scala/src/main/scala/HelloWorldServer.scala. Using presentation compiler with project's scala-library version: 3.3.3
2024.10.08 03:24:14 INFO  no build target found for /workspaces/functional/hello-world-scala/src/main/scala/HelloWorldServer.scala. Using presentation compiler with project's scala-library version: 3.3.3
2024.10.08 03:24:16 INFO  no build target found for /workspaces/functional/hello-world-scala/src/main/scala/HelloWorldServer.scala. Using presentation compiler with project's scala-library version: 3.3.3
2024.10.08 03:24:16 INFO  no build target found for /workspaces/functional/hello-world-scala/src/main/scala/HelloWorldServer.scala. Using presentation compiler with project's scala-library version: 3.3.3
2024.10.08 03:24:16 INFO  no build target found for /workspaces/functional/hello-world-scala/src/main/scala/HelloWorldServer.scala. Using presentation compiler with project's scala-library version: 3.3.3
2024.10.08 03:24:23 INFO  no build target found for /workspaces/functional/hello-world-scala/src/main/scala/HelloWorldServer.scala. Using presentation compiler with project's scala-library version: 3.3.3
2024.10.08 03:24:23 INFO  no build target found for /workspaces/functional/hello-world-scala/src/main/scala/HelloWorldServer.scala. Using presentation compiler with project's scala-library version: 3.3.3
2024.10.08 03:24:30 INFO  no build target found for /workspaces/functional/hello-world-scala/src/main/scala/HelloWorldServer.scala. Using presentation compiler with project's scala-library version: 3.3.3
2024.10.08 03:24:32 INFO  no build target found for /workspaces/functional/hello-world-scala/src/main/scala/HelloWorldServer.scala. Using presentation compiler with project's scala-library version: 3.3.3
2024.10.08 03:24:32 INFO  no build target found for /workspaces/functional/hello-world-scala/src/main/scala/HelloWorldServer.scala. Using presentation compiler with project's scala-library version: 3.3.3
2024.10.08 03:24:33 INFO  no build target found for /workspaces/functional/hello-world-scala/src/main/scala/HelloWorldServer.scala. Using presentation compiler with project's scala-library version: 3.3.3
2024.10.08 03:24:33 INFO  no build target found for /workspaces/functional/hello-world-scala/src/main/scala/HelloWorldServer.scala. Using presentation compiler with project's scala-library version: 3.3.3
Oct 08, 2024 3:24:33 AM org.eclipse.lsp4j.jsonrpc.RemoteEndpoint handleCancellation
WARNING: Unmatched cancel notification for request id 172
2024.10.08 03:24:40 INFO  no build target found for /workspaces/functional/hello-world-scala/src/main/scala/HelloWorldServer.scala. Using presentation compiler with project's scala-library version: 3.3.3
2024.10.08 03:24:42 INFO  no build target found for /workspaces/functional/hello-world-scala/src/main/scala/HelloWorldServer.scala. Using presentation compiler with project's scala-library version: 3.3.3
2024.10.08 03:24:57 INFO  no build target found for /workspaces/functional/hello-world-scala/src/main/scala/HelloWorldServer.scala. Using presentation compiler with project's scala-library version: 3.3.3
2024.10.08 03:26:37 INFO  no build target found for /workspaces/functional/hello-world-scala/src/main/scala/HelloWorldServer.scala. Using presentation compiler with project's scala-library version: 3.3.3
2024.10.08 03:26:37 INFO  no build target found for /workspaces/functional/hello-world-scala/src/main/scala/HelloWorldServer.scala. Using presentation compiler with project's scala-library version: 3.3.3
2024.10.08 03:26:37 INFO  no build target found for /workspaces/functional/hello-world-scala/src/main/scala/HelloWorldServer.scala. Using presentation compiler with project's scala-library version: 3.3.3
2024.10.08 03:26:38 WARN  no build target for: /workspaces/functional/hello-world-scala/src/main/scala/HelloWorldServer.scala
2024.10.08 03:26:37 INFO  no build target found for /workspaces/functional/hello-world-scala/src/main/scala/HelloWorldServer.scala. Using presentation compiler with project's scala-library version: 3.3.3
2024.10.08 03:27:24 INFO  no build target found for /workspaces/functional/hello-world-scala/src/main/scala/HelloWorldServer.scala. Using presentation compiler with project's scala-library version: 3.3.3
2024.10.08 03:28:31 INFO  no build target found for /workspaces/functional/hello-world-scala/src/main/scala/HelloWorldServer.scala. Using presentation compiler with project's scala-library version: 3.3.3
2024.10.08 03:28:31 INFO  no build target found for /workspaces/functional/hello-world-scala/src/main/scala/HelloWorldServer.scala. Using presentation compiler with project's scala-library version: 3.3.3
2024.10.08 03:28:31 INFO  no build target found for /workspaces/functional/hello-world-scala/src/main/scala/HelloWorldServer.scala. Using presentation compiler with project's scala-library version: 3.3.3
2024.10.08 03:28:31 INFO  no build target found for /workspaces/functional/hello-world-scala/src/main/scala/HelloWorldServer.scala. Using presentation compiler with project's scala-library version: 3.3.3
Oct 08, 2024 3:28:32 AM org.eclipse.lsp4j.jsonrpc.RemoteEndpoint handleCancellation
WARNING: Unmatched cancel notification for request id 226
2024.10.08 03:28:31 INFO  no build target found for /workspaces/functional/hello-world-scala/src/main/scala/HelloWorldServer.scala. Using presentation compiler with project's scala-library version: 3.3.3
2024.10.08 03:28:32 WARN  no build target for: /workspaces/functional/hello-world-scala/src/main/scala/HelloWorldServer.scala
2024.10.08 03:28:32 INFO  no build target found for /workspaces/functional/hello-world-scala/src/main/scala/HelloWorldServer.scala. Using presentation compiler with project's scala-library version: 3.3.3
Oct 08, 2024 3:28:32 AM org.eclipse.lsp4j.jsonrpc.RemoteEndpoint handleCancellation
WARNING: Unmatched cancel notification for request id 228
2024.10.08 03:28:32 INFO  no build target found for /workspaces/functional/hello-world-scala/src/main/scala/HelloWorldServer.scala. Using presentation compiler with project's scala-library version: 3.3.3
2024.10.08 03:28:32 INFO  no build target found for /workspaces/functional/hello-world-scala/src/main/scala/HelloWorldServer.scala. Using presentation compiler with project's scala-library version: 3.3.3
2024.10.08 03:28:33 INFO  no build target found for /workspaces/functional/hello-world-scala/src/main/scala/HelloWorldServer.scala. Using presentation compiler with project's scala-library version: 3.3.3
2024.10.08 03:28:33 INFO  no build target found for /workspaces/functional/hello-world-scala/src/main/scala/HelloWorldServer.scala. Using presentation compiler with project's scala-library version: 3.3.3
2024.10.08 03:28:34 WARN  no build target for: /workspaces/functional/hello-world-scala/src/main/scala/HelloWorldServer.scala
2024.10.08 03:28:34 INFO  no build target found for /workspaces/functional/hello-world-scala/src/main/scala/HelloWorldServer.scala. Using presentation compiler with project's scala-library version: 3.3.3
2024.10.08 03:28:35 INFO  no build target found for /workspaces/functional/hello-world-scala/src/main/scala/HelloWorldServer.scala. Using presentation compiler with project's scala-library version: 3.3.3
2024.10.08 03:28:47 INFO  no build target found for /workspaces/functional/hello-world-scala/src/main/scala/HelloWorldServer.scala. Using presentation compiler with project's scala-library version: 3.3.3
2024.10.08 03:28:47 INFO  no build target found for /workspaces/functional/hello-world-scala/src/main/scala/HelloWorldServer.scala. Using presentation compiler with project's scala-library version: 3.3.3
2024.10.08 03:28:48 INFO  no build target found for /workspaces/functional/hello-world-scala/src/main/scala/HelloWorldServer.scala. Using presentation compiler with project's scala-library version: 3.3.3
2024.10.08 03:28:48 INFO  no build target found for /workspaces/functional/hello-world-scala/src/main/scala/HelloWorldServer.scala. Using presentation compiler with project's scala-library version: 3.3.3
2024.10.08 03:28:49 WARN  no build target for: /workspaces/functional/hello-world-scala/src/main/scala/HelloWorldServer.scala
2024.10.08 03:28:53 INFO  no build target found for /workspaces/functional/hello-world-scala/src/main/scala/HelloWorldServer.scala. Using presentation compiler with project's scala-library version: 3.3.3
2024.10.08 03:29:44 INFO  no build target found for /workspaces/functional/hello-world-scala/project/metals.sbt. Using presentation compiler with project's scala-library version: 3.3.3
2024.10.08 03:29:44 INFO  no build target found for /workspaces/functional/hello-world-scala/project/metals.sbt. Using presentation compiler with project's scala-library version: 3.3.3
2024.10.08 03:29:44 WARN  Could not find semantic tokens for: file:///workspaces/functional/hello-world-scala/project/metals.sbt
2024.10.08 03:29:56 INFO  no build target found for /workspaces/functional/hello-world-scala/build.sbt. Using presentation compiler with project's scala-library version: 3.3.3
2024.10.08 03:30:04 INFO  no build target found for /workspaces/functional/hello-world-scala/build.sbt. Using presentation compiler with project's scala-library version: 3.3.3
2024.10.08 03:30:04 INFO  no build target found for /workspaces/functional/hello-world-scala/build.sbt. Using presentation compiler with project's scala-library version: 3.3.3
2024.10.08 03:30:05 INFO  no build target found for /workspaces/functional/hello-world-scala/build.sbt. Using presentation compiler with project's scala-library version: 3.3.3
2024.10.08 03:30:05 INFO  no build target found for /workspaces/functional/hello-world-scala/build.sbt. Using presentation compiler with project's scala-library version: 3.3.3
2024.10.08 03:30:05 INFO  no build target found for /workspaces/functional/hello-world-scala/build.sbt. Using presentation compiler with project's scala-library version: 3.3.3
2024.10.08 03:30:06 INFO  no build target found for /workspaces/functional/hello-world-scala/build.sbt. Using presentation compiler with project's scala-library version: 3.3.3
2024.10.08 03:30:06 WARN  no build target for: /workspaces/functional/hello-world-scala/build.sbt
2024.10.08 03:30:06 INFO  no build target found for /workspaces/functional/hello-world-scala/build.sbt. Using presentation compiler with project's scala-library version: 3.3.3
2024.10.08 03:30:08 INFO  no build target found for /workspaces/functional/hello-world-scala/build.sbt. Using presentation compiler with project's scala-library version: 3.3.3
2024.10.08 03:30:08 INFO  no build target found for /workspaces/functional/hello-world-scala/build.sbt. Using presentation compiler with project's scala-library version: 3.3.3
2024.10.08 03:30:08 INFO  no build target found for /workspaces/functional/hello-world-scala/build.sbt. Using presentation compiler with project's scala-library version: 3.3.3
2024.10.08 03:30:08 INFO  no build target found for /workspaces/functional/hello-world-scala/build.sbt. Using presentation compiler with project's scala-library version: 3.3.3
2024.10.08 03:30:08 INFO  no build target found for /workspaces/functional/hello-world-scala/build.sbt. Using presentation compiler with project's scala-library version: 3.3.3
2024.10.08 03:30:08 INFO  no build target found for /workspaces/functional/hello-world-scala/build.sbt. Using presentation compiler with project's scala-library version: 3.3.3
2024.10.08 03:30:10 WARN  no build target for: /workspaces/functional/hello-world-scala/build.sbt
2024.10.08 03:30:10 INFO  no build target found for /workspaces/functional/hello-world-scala/build.sbt. Using presentation compiler with project's scala-library version: 3.3.3
2024.10.08 03:30:10 INFO  no build target found for /workspaces/functional/hello-world-scala/build.sbt. Using presentation compiler with project's scala-library version: 3.3.3
2024.10.08 03:30:10 INFO  no build target found for /workspaces/functional/hello-world-scala/build.sbt. Using presentation compiler with project's scala-library version: 3.3.3
2024.10.08 03:30:10 INFO  no build target found for /workspaces/functional/hello-world-scala/build.sbt. Using presentation compiler with project's scala-library version: 3.3.3
2024.10.08 03:30:11 WARN  no build target for: /workspaces/functional/hello-world-scala/build.sbt
2024.10.08 03:30:10 INFO  no build target found for /workspaces/functional/hello-world-scala/build.sbt. Using presentation compiler with project's scala-library version: 3.3.3
2024.10.08 03:30:14 INFO  no build target found for /workspaces/functional/hello-world-scala/build.sbt. Using presentation compiler with project's scala-library version: 3.3.3
2024.10.08 03:30:14 INFO  no build target found for /workspaces/functional/hello-world-scala/build.sbt. Using presentation compiler with project's scala-library version: 3.3.3
2024.10.08 03:30:15 INFO  no build target found for /workspaces/functional/hello-world-scala/build.sbt. Using presentation compiler with project's scala-library version: 3.3.3
2024.10.08 03:30:15 INFO  no build target found for /workspaces/functional/hello-world-scala/build.sbt. Using presentation compiler with project's scala-library version: 3.3.3
2024.10.08 03:30:15 WARN  no build target for: /workspaces/functional/hello-world-scala/build.sbt
2024.10.08 03:30:15 INFO  no build target found for /workspaces/functional/hello-world-scala/build.sbt. Using presentation compiler with project's scala-library version: 3.3.3
2024.10.08 03:30:27 INFO  running '/usr/bin/sbt -Dbloop.export-jar-classifiers=sources bloopInstall'
2024.10.08 03:30:28 INFO  [info] welcome to sbt 1.10.1 (Microsoft Java 21.0.4)
2024.10.08 03:30:30 INFO  [info] loading settings for project hello-world-scala-build-build from metals.sbt ...
2024.10.08 03:30:30 INFO  [info] loading project definition from /workspaces/functional/hello-world-scala/project/project
2024.10.08 03:30:33 INFO  [info] loading settings for project hello-world-scala-build from metals.sbt ...
2024.10.08 03:30:33 INFO  [info] loading project definition from /workspaces/functional/hello-world-scala/project
2024.10.08 03:30:37 INFO  [success] Generated .bloop/hello-world-scala-build.json
2024.10.08 03:30:37 INFO  [success] Total time: 4 s, completed Oct 8, 2024, 3:30:37 AM
2024.10.08 03:30:38 INFO  [info] loading settings for project root from build.sbt ...
2024.10.08 03:30:38 INFO  [info] set current project to HelloWorldScalaApp (in build file:/workspaces/functional/hello-world-scala/)
2024.10.08 03:30:41 INFO  [success] Generated .bloop/root-test.json
2024.10.08 03:30:41 INFO  [success] Generated .bloop/root.json
2024.10.08 03:30:41 INFO  [success] Total time: 2 s, completed Oct 8, 2024, 3:30:41 AM
2024.10.08 03:30:42 INFO  time: ran 'sbt bloopInstall' in 14s
2024.10.08 03:30:42 INFO  Attempting to connect to the build server...
2024.10.08 03:30:42 INFO  tracing is disabled for protocol BSP, to enable tracing of incoming and outgoing JSON messages create an empty file at /workspaces/functional/.metals/bsp.trace.json or /home/vscode/.cache/metals/bsp.trace.json
2024.10.08 03:30:44 INFO  time: Connected to build server in 2.08s
2024.10.08 03:30:44 INFO  Connected to Build server: Bloop v1.6.0
2024.10.08 03:30:44 INFO  time: Imported build in 0.22s
2024.10.08 03:30:44 INFO  running doctor check
2024.10.08 03:30:44 INFO  java targets: root-test, root
2024.10.08 03:30:47 WARN  Flyway upgrade recommended: H2 2.3.230 is newer than this version of Flyway and support has not been tested. The latest supported version of H2 is 2.2.220.
2024.10.08 03:30:55 INFO  time: indexed workspace in 10s
2024.10.08 03:30:55 WARN  no build target for: /workspaces/functional/hello-world-scala/project/metals.sbt
2024.10.08 03:30:55 WARN  no build target for: /workspaces/functional/hello-world-scala/build.sbt
2024.10.08 03:30:55 INFO  no build target found for /workspaces/functional/hello-world-scala/build.sbt. Using presentation compiler with project's scala-library version: 2.13.12
2024.10.08 03:30:57 INFO  time: code lens generation in 2.05s
2024.10.08 03:31:04 INFO  compiling root (1 scala source)
2024.10.08 03:31:06 INFO  time: compiled root in 2.48s
2024.10.08 03:31:06 INFO  no build target found for /workspaces/functional/hello-world-scala/build.sbt. Using presentation compiler with project's scala-library version: 2.13.12
2024.10.08 03:31:10 INFO  compiling root (1 scala source)
Oct 08, 2024 3:31:11 AM org.eclipse.lsp4j.jsonrpc.RemoteEndpoint handleCancellation
WARNING: Unmatched cancel notification for request id 355
2024.10.08 03:31:11 INFO  time: compiled root in 1.02s
2024.10.08 03:32:32 INFO  compiling root (1 scala source)
2024.10.08 03:32:34 INFO  time: compiled root in 2.06s
2024.10.08 03:33:22 INFO  no build target found for /workspaces/functional/hello-world-scala/build.sbt. Using presentation compiler with project's scala-library version: 2.13.12
2024.10.08 03:34:33 INFO  no build target found for /workspaces/functional/hello-world-scala/build.sbt. Using presentation compiler with project's scala-library version: 2.13.12
2024.10.08 03:34:33 INFO  no build target found for /workspaces/functional/hello-world-scala/build.sbt. Using presentation compiler with project's scala-library version: 2.13.12
2024.10.08 03:34:33 INFO  no build target found for /workspaces/functional/hello-world-scala/build.sbt. Using presentation compiler with project's scala-library version: 2.13.12
2024.10.08 03:34:34 WARN  no build target for: /workspaces/functional/hello-world-scala/build.sbt
2024.10.08 03:34:34 INFO  no build target found for /workspaces/functional/hello-world-scala/build.sbt. Using presentation compiler with project's scala-library version: 2.13.12
2024.10.08 03:34:35 INFO  running '/usr/bin/sbt -Dbloop.export-jar-classifiers=sources bloopInstall'
2024.10.08 03:34:37 INFO  [info] welcome to sbt 1.10.1 (Microsoft Java 21.0.4)
2024.10.08 03:34:37 INFO  [info] loading settings for project hello-world-scala-build-build from metals.sbt ...
2024.10.08 03:34:38 INFO  [info] loading project definition from /workspaces/functional/hello-world-scala/project/project
2024.10.08 03:34:39 INFO  [info] loading settings for project hello-world-scala-build from metals.sbt ...
2024.10.08 03:34:39 INFO  [info] loading project definition from /workspaces/functional/hello-world-scala/project
2024.10.08 03:34:41 INFO  [success] Generated .bloop/hello-world-scala-build.json
2024.10.08 03:34:41 INFO  [success] Total time: 2 s, completed Oct 8, 2024, 3:34:41 AM
2024.10.08 03:34:44 INFO  [info] loading settings for project root from build.sbt ...
2024.10.08 03:34:44 INFO  [info] set current project to HelloWorldScalaApp (in build file:/workspaces/functional/hello-world-scala/)
2024.10.08 03:34:50 INFO  [success] Generated .bloop/root-test.json
2024.10.08 03:34:50 INFO  [success] Generated .bloop/root.json
2024.10.08 03:34:50 INFO  [success] Total time: 6 s, completed Oct 8, 2024, 3:34:50 AM
2024.10.08 03:34:50 INFO  time: ran 'sbt bloopInstall' in 14s
2024.10.08 03:34:50 INFO  Disconnecting from Bloop session...
2024.10.08 03:34:50 INFO  Shut down connection with build server.
2024.10.08 03:34:50 INFO  Attempting to connect to the build server...
2024.10.08 03:34:50 INFO  tracing is disabled for protocol BSP, to enable tracing of incoming and outgoing JSON messages create an empty file at /workspaces/functional/.metals/bsp.trace.json or /home/vscode/.cache/metals/bsp.trace.json
2024.10.08 03:34:50 INFO  time: Connected to build server in 44ms
2024.10.08 03:34:50 INFO  Connected to Build server: Bloop v1.6.0
2024.10.08 03:34:50 INFO  time: Imported build in 0.14s
2024.10.08 03:34:50 INFO  running doctor check
2024.10.08 03:34:50 INFO  java targets: root-test, root
2024.10.08 03:34:53 INFO  time: indexed workspace in 2.7s
2024.10.08 03:34:53 WARN  no build target for: /workspaces/functional/hello-world-scala/project/metals.sbt
2024.10.08 03:34:53 WARN  no build target for: /workspaces/functional/hello-world-scala/build.sbt
2024.10.08 03:34:53 INFO  compiling root (1 scala source)
2024.10.08 03:34:53 INFO  no build target found for /workspaces/functional/hello-world-scala/build.sbt. Using presentation compiler with project's scala-library version: 2.13.12
2024.10.08 03:34:55 INFO  time: compiled root in 1.82s
2024.10.08 03:34:55 INFO  no build target found for /workspaces/functional/hello-world-scala/build.sbt. Using presentation compiler with project's scala-library version: 2.13.12
2024.10.08 03:38:02 INFO  compiling root (1 scala source)
2024.10.08 03:38:02 INFO  time: compiled root in 0.7s
2024.10.08 03:39:44 INFO  compiling root (1 scala source)
2024.10.08 03:39:44 INFO  time: compiled root in 0.62s
